<?xml version="1.0" encoding="UTF-8"?>
<!-- Generated by org.testng.reporters.JUnitXMLReporter -->
<testsuite ignored="12" hostname="karvendhan" failures="2" tests="12" name="SequentialTests" time="111.583" errors="0" timestamp="2025-08-10T12:46:24 IST">
  <testcase classname="test.RegisterTests" name="registerProvidedUser" time="3.851"/>
  <testcase classname="test.LoginTest" name="validLogin" time="4.291"/>
  <testcase classname="test.LoginTest" name="invalidPassword" time="2.169"/>
  <testcase classname="test.LoginTest" name="emptyFieldsLogin" time="1.977"/>
  <testcase classname="test.AccountTest" name="accountsOverviewAndTable" time="3.128"/>
  <testcase classname="test.FundsTransferTest" name="validTransfer" time="5.084">
    <failure type="java.lang.AssertionError" message="Expect confirmation or feedback after transfer expected [true] but found [false]">
      <![CDATA[java.lang.AssertionError: Expect confirmation or feedback after transfer expected [true] but found [false]
at test.FundsTransferTest.validTransfer(FundsTransferTest.java:37)
at java.base/java.util.ArrayList.forEach(ArrayList.java:1596)
... Removed 28 stack frames]]>
    </failure>
  </testcase> <!-- validTransfer -->
  <testcase classname="test.FundsTransferTest" name="transferInsufficientBalance" time="5.248">
    <failure type="java.lang.AssertionError" message="expected [true] but found [false]">
      <![CDATA[java.lang.AssertionError: expected [true] but found [false]
at test.FundsTransferTest.transferInsufficientBalance(FundsTransferTest.java:67)
at java.base/java.util.ArrayList.forEach(ArrayList.java:1596)
... Removed 29 stack frames]]>
    </failure>
  </testcase> <!-- transferInsufficientBalance -->
  <testcase classname="test.LoanRequestTest" name="requestLoanValid" time="5.777"/>
  <testcase classname="test.LoanRequestTest" name="requestLoanMissingInfo" time="14.505"/>
  <testcase classname="test.CustomerSupportTest" name="contactFormSubmitValid" time="3.209"/>
  <testcase classname="test.CustomerSupportTest" name="contactFormEmpty" time="2.371"/>
  <testcase classname="test.NavigationUITest" name="navigationAndLogo" time="4.54"/>
  <testcase classname="base.BaseTest" name="@BeforeSuite beforeSuite" time="0.0">
    <ignored/>
  </testcase> <!-- @BeforeSuite beforeSuite -->
  <testcase classname="base.BaseTest" name="@AfterSuite afterSuite" time="0.0">
    <ignored/>
  </testcase> <!-- @AfterSuite afterSuite -->
  <testcase classname="base.BaseTest" name="@BeforeSuite beforeSuite" time="0.0">
    <ignored/>
  </testcase> <!-- @BeforeSuite beforeSuite -->
  <testcase classname="base.BaseTest" name="@BeforeSuite beforeSuite" time="0.0">
    <ignored/>
  </testcase> <!-- @BeforeSuite beforeSuite -->
  <testcase classname="base.BaseTest" name="@AfterSuite afterSuite" time="0.0">
    <ignored/>
  </testcase> <!-- @AfterSuite afterSuite -->
  <testcase classname="base.BaseTest" name="@AfterSuite afterSuite" time="0.0">
    <ignored/>
  </testcase> <!-- @AfterSuite afterSuite -->
  <testcase classname="base.BaseTest" name="@AfterSuite afterSuite" time="0.0">
    <ignored/>
  </testcase> <!-- @AfterSuite afterSuite -->
  <testcase classname="base.BaseTest" name="@BeforeSuite beforeSuite" time="0.0">
    <ignored/>
  </testcase> <!-- @BeforeSuite beforeSuite -->
  <testcase classname="base.BaseTest" name="@AfterSuite afterSuite" time="0.0">
    <ignored/>
  </testcase> <!-- @AfterSuite afterSuite -->
  <testcase classname="base.BaseTest" name="@BeforeSuite beforeSuite" time="0.0">
    <ignored/>
  </testcase> <!-- @BeforeSuite beforeSuite -->
  <testcase classname="base.BaseTest" name="@BeforeSuite beforeSuite" time="0.0">
    <ignored/>
  </testcase> <!-- @BeforeSuite beforeSuite -->
  <testcase classname="base.BaseTest" name="@AfterSuite afterSuite" time="0.0">
    <ignored/>
  </testcase> <!-- @AfterSuite afterSuite -->
</testsuite> <!-- SequentialTests -->
